<?xml version="1.0" encoding="UTF-8"?>
<testng-results total="1" passed="0" failed="1" skipped="0">
  <reporter-output>
  </reporter-output>
  <suite started-at="2024-04-07T10:38:06Z" name="Default suite" finished-at="2024-04-07T10:38:18Z" duration-ms="12435">
    <groups>
      <group name="cucumber">
        <method signature="AbstractTestNGCucumberTests.runScenario(cucumber.api.testng.PickleEventWrapper, cucumber.api.testng.CucumberFeatureWrapper)[pri:0, instance:com.ABS.ataf.common.runner.CommonRunner@704deff2]" name="runScenario" class="cucumber.api.testng.AbstractTestNGCucumberTests"/>
      </group> <!-- cucumber -->
    </groups>
    <test started-at="2024-04-07T10:38:06Z" name="Default test" finished-at="2024-04-07T10:38:18Z" duration-ms="12435">
      <class name="com.ABS.ataf.common.runner.CommonRunner">
        <test-method is-config="true" signature="setUpClass()[pri:0, instance:com.ABS.ataf.common.runner.CommonRunner@704deff2]" started-at="2024-04-07T16:08:06Z" name="setUpClass" finished-at="2024-04-07T16:08:06Z" duration-ms="182" status="PASS">
          <reporter-output>
          </reporter-output>
        </test-method> <!-- setUpClass -->
        <test-method signature="runScenario(cucumber.api.testng.PickleEventWrapper, cucumber.api.testng.CucumberFeatureWrapper)[pri:0, instance:com.ABS.ataf.common.runner.CommonRunner@704deff2]" started-at="2024-04-07T16:08:06Z" name="runScenario" description="Runs Cucumber Scenarios" data-provider="scenarios" finished-at="2024-04-07T16:08:18Z" duration-ms="11691" status="FAIL">
          <params>
            <param index="0">
              <value>
                <![CDATA["Verify Tata Aig claims flow"]]>
              </value>
            </param>
            <param index="1">
              <value>
                <![CDATA["Tata AIG claims flow"]]>
              </value>
            </param>
          </params>
          <exception class="org.openqa.selenium.NoSuchWindowException">
            <message>
              <![CDATA[no such window: target window already closed
from unknown error: web view not found
  (Session info: chrome=123.0.6312.86)
Build info: version: '3.141.59', revision: 'e82be7d358', time: '2018-11-14T08:17:03'
System info: host: 'IN3AREW0G02KWM8', ip: '192.168.0.67', os.name: 'Windows 11', os.arch: 'amd64', os.version: '10.0', java.version: '17.0.8'
Driver info: org.openqa.selenium.chrome.ChromeDriver
Capabilities {acceptInsecureCerts: false, browserName: chrome, browserVersion: 123.0.6312.86, chrome: {chromedriverVersion: 122.0.6261.57 (87957e464700..., userDataDir: C:\Users\ASHOKB~1\AppData\L...}, fedcm:accounts: true, goog:chromeOptions: {debuggerAddress: localhost:58469}, javascriptEnabled: true, networkConnectionEnabled: false, pageLoadStrategy: eager, platform: WINDOWS, platformName: WINDOWS, proxy: Proxy(), setWindowRect: true, strictFileInteractability: false, timeouts: {implicit: 0, pageLoad: 300000, script: 30000}, unhandledPromptBehavior: dismiss and notify, webauthn:extension:credBlob: true, webauthn:extension:largeBlob: true, webauthn:extension:minPinLength: true, webauthn:extension:prf: true, webauthn:virtualAuthenticators: true}
Session ID: 790d5fe8c5104d38c02a6457fd27d6e7]]>
            </message>
            <full-stacktrace>
              <![CDATA[org.openqa.selenium.NoSuchWindowException: no such window: target window already closed
from unknown error: web view not found
  (Session info: chrome=123.0.6312.86)
Build info: version: '3.141.59', revision: 'e82be7d358', time: '2018-11-14T08:17:03'
System info: host: 'IN3AREW0G02KWM8', ip: '192.168.0.67', os.name: 'Windows 11', os.arch: 'amd64', os.version: '10.0', java.version: '17.0.8'
Driver info: org.openqa.selenium.chrome.ChromeDriver
Capabilities {acceptInsecureCerts: false, browserName: chrome, browserVersion: 123.0.6312.86, chrome: {chromedriverVersion: 122.0.6261.57 (87957e464700..., userDataDir: C:\Users\ASHOKB~1\AppData\L...}, fedcm:accounts: true, goog:chromeOptions: {debuggerAddress: localhost:58469}, javascriptEnabled: true, networkConnectionEnabled: false, pageLoadStrategy: eager, platform: WINDOWS, platformName: WINDOWS, proxy: Proxy(), setWindowRect: true, strictFileInteractability: false, timeouts: {implicit: 0, pageLoad: 300000, script: 30000}, unhandledPromptBehavior: dismiss and notify, webauthn:extension:credBlob: true, webauthn:extension:largeBlob: true, webauthn:extension:minPinLength: true, webauthn:extension:prf: true, webauthn:virtualAuthenticators: true}
Session ID: 790d5fe8c5104d38c02a6457fd27d6e7
	at java.base/jdk.internal.reflect.NativeConstructorAccessorImpl.newInstance0(Native Method)
	at java.base/jdk.internal.reflect.NativeConstructorAccessorImpl.newInstance(NativeConstructorAccessorImpl.java:77)
	at java.base/jdk.internal.reflect.DelegatingConstructorAccessorImpl.newInstance(DelegatingConstructorAccessorImpl.java:45)
	at java.base/java.lang.reflect.Constructor.newInstanceWithCaller(Constructor.java:499)
	at java.base/java.lang.reflect.Constructor.newInstance(Constructor.java:480)
	at org.openqa.selenium.remote.http.W3CHttpResponseCodec.createException(W3CHttpResponseCodec.java:187)
	at org.openqa.selenium.remote.http.W3CHttpResponseCodec.decode(W3CHttpResponseCodec.java:122)
	at org.openqa.selenium.remote.http.W3CHttpResponseCodec.decode(W3CHttpResponseCodec.java:49)
	at org.openqa.selenium.remote.HttpCommandExecutor.execute(HttpCommandExecutor.java:158)
	at org.openqa.selenium.remote.service.DriverCommandExecutor.execute(DriverCommandExecutor.java:83)
	at org.openqa.selenium.remote.RemoteWebDriver.execute(RemoteWebDriver.java:552)
	at org.openqa.selenium.remote.RemoteWebDriver$RemoteTargetLocator.defaultContent(RemoteWebDriver.java:922)
	at com.ABS.ataf.GeneralHelperSel.SeleniumFunc.xpath_GenericMethod_Click(SeleniumFunc.java:666)
	at com.ABS.ataf.PegaApp.PageObjects.TataAigPage.clickOnPlus(TataAigPage.java:350)
	at com.ABS.ataf.stepdef.Pega.TataAigStepDef.i_click_on_Create_FNOL(TataAigStepDef.java:75)
	at ✽.I click on Create FNOL(src/test/resources/featurefilesPegaApp/TataAigClaims.feature:12)
]]>
            </full-stacktrace>
          </exception> <!-- org.openqa.selenium.NoSuchWindowException -->
          <reporter-output>
          </reporter-output>
        </test-method> <!-- runScenario -->
        <test-method is-config="true" signature="tearDownClass()[pri:0, instance:com.ABS.ataf.common.runner.CommonRunner@704deff2]" started-at="2024-04-07T16:08:18Z" name="tearDownClass" finished-at="2024-04-07T16:08:18Z" duration-ms="490" status="PASS">
          <reporter-output>
          </reporter-output>
        </test-method> <!-- tearDownClass -->
      </class> <!-- com.ABS.ataf.common.runner.CommonRunner -->
    </test> <!-- Default test -->
  </suite> <!-- Default suite -->
</testng-results>
